2026-05-19 12:29:06,461 - app - INFO - Generating plain text export at /Users/user/Documents/Antigravity/Bot/storage/exports/test-job-uuid-12345_transcript.txt...
2026-05-19 12:29:06,461 - app - INFO - Generating speaker text export at /Users/user/Documents/Antigravity/Bot/storage/exports/test-job-uuid-12345_transcript_with_speakers.txt...
2026-05-19 12:29:06,461 - app - INFO - Generating SRT subtitles export at /Users/user/Documents/Antigravity/Bot/storage/exports/test-job-uuid-12345_subtitles.srt...
2026-05-19 12:29:06,462 - app - INFO - Generating professional DOCX report at /Users/user/Documents/Antigravity/Bot/storage/exports/test-job-uuid-12345_transcript_with_speakers.docx...
2026-05-19 12:29:06,486 - app - INFO - Generating JSON metadata export at /Users/user/Documents/Antigravity/Bot/storage/exports/test-job-uuid-12345_processing_report.json...
2026-05-19 14:26:47,472 - app - INFO - Generating plain text export at /Users/user/Documents/Antigravity/Bot/storage/exports/test-job-uuid-12345_transcript.txt...
2026-05-19 14:26:47,473 - app - INFO - Generating speaker text export at /Users/user/Documents/Antigravity/Bot/storage/exports/test-job-uuid-12345_transcript_with_speakers.txt...
2026-05-19 14:26:47,473 - app - INFO - Generating SRT subtitles export at /Users/user/Documents/Antigravity/Bot/storage/exports/test-job-uuid-12345_subtitles.srt...
2026-05-19 14:26:47,473 - app - INFO - Generating professional DOCX report at /Users/user/Documents/Antigravity/Bot/storage/exports/test-job-uuid-12345_transcript_with_speakers.docx...
2026-05-19 14:26:47,496 - app - INFO - Generating JSON metadata export at /Users/user/Documents/Antigravity/Bot/storage/exports/test-job-uuid-12345_processing_report.json...
2026-05-19 14:35:39,922 - app - INFO - Generating plain text export at /Users/user/Documents/Antigravity/Bot/storage/exports/test-job-uuid-12345_transcript.txt...
2026-05-19 14:35:39,922 - app - INFO - Generating speaker text export at /Users/user/Documents/Antigravity/Bot/storage/exports/test-job-uuid-12345_transcript_with_speakers.txt...
2026-05-19 14:35:39,922 - app - INFO - Generating SRT subtitles export at /Users/user/Documents/Antigravity/Bot/storage/exports/test-job-uuid-12345_subtitles.srt...
2026-05-19 14:35:39,923 - app - INFO - Generating professional DOCX report at /Users/user/Documents/Antigravity/Bot/storage/exports/test-job-uuid-12345_transcript_with_speakers.docx...
2026-05-19 14:35:39,944 - app - INFO - Generating JSON metadata export at /Users/user/Documents/Antigravity/Bot/storage/exports/test-job-uuid-12345_processing_report.json...
2026-05-19 14:37:35,920 - app - INFO - Generating plain text export at /Users/user/Documents/Antigravity/Bot/storage/exports/test-job-uuid-12345_transcript.txt...
2026-05-19 14:37:35,921 - app - INFO - Generating speaker text export at /Users/user/Documents/Antigravity/Bot/storage/exports/test-job-uuid-12345_transcript_with_speakers.txt...
2026-05-19 14:37:35,921 - app - INFO - Generating SRT subtitles export at /Users/user/Documents/Antigravity/Bot/storage/exports/test-job-uuid-12345_subtitles.srt...
2026-05-19 14:37:35,921 - app - INFO - Generating professional DOCX report at /Users/user/Documents/Antigravity/Bot/storage/exports/test-job-uuid-12345_transcript_with_speakers.docx...
2026-05-19 14:37:35,943 - app - INFO - Generating JSON metadata export at /Users/user/Documents/Antigravity/Bot/storage/exports/test-job-uuid-12345_processing_report.json...
